Determining if the __sparc exist failed with the following output:
Change Dir: /home/user/ee6470/riscv-vp/vp/build/systemc/CMakeFiles/CMakeTmp

Run Build Command(s):/usr/bin/gmake -f Makefile cmTC_cae54/fast && gmake[4]: Entering directory '/home/user/ee6470/riscv-vp/vp/build/systemc/CMakeFiles/CMakeTmp'
/usr/bin/gmake  -f CMakeFiles/cmTC_cae54.dir/build.make CMakeFiles/cmTC_cae54.dir/build
gmake[5]: Entering directory '/home/user/ee6470/riscv-vp/vp/build/systemc/CMakeFiles/CMakeTmp'
Building C object CMakeFiles/cmTC_cae54.dir/CheckSymbolExists.c.o
/usr/bin/cc    -o CMakeFiles/cmTC_cae54.dir/CheckSymbolExists.c.o -c /home/user/ee6470/riscv-vp/vp/build/systemc/CMakeFiles/CMakeTmp/CheckSymbolExists.c
/home/user/ee6470/riscv-vp/vp/build/systemc/CMakeFiles/CMakeTmp/CheckSymbolExists.c: In function 'main':
/home/user/ee6470/riscv-vp/vp/build/systemc/CMakeFiles/CMakeTmp/CheckSymbolExists.c:7:19: error: '__sparc' undeclared (first use in this function)
    7 |   return ((int*)(&__sparc))[argc];
      |                   ^~~~~~~
/home/user/ee6470/riscv-vp/vp/build/systemc/CMakeFiles/CMakeTmp/CheckSymbolExists.c:7:19: note: each undeclared identifier is reported only once for each function it appears in
gmake[5]: *** [CMakeFiles/cmTC_cae54.dir/build.make:78: CMakeFiles/cmTC_cae54.dir/CheckSymbolExists.c.o] Error 1
gmake[5]: Leaving directory '/home/user/ee6470/riscv-vp/vp/build/systemc/CMakeFiles/CMakeTmp'
gmake[4]: *** [Makefile:127: cmTC_cae54/fast] Error 2
gmake[4]: Leaving directory '/home/user/ee6470/riscv-vp/vp/build/systemc/CMakeFiles/CMakeTmp'


File /home/user/ee6470/riscv-vp/vp/build/systemc/CMakeFiles/CMakeTmp/CheckSymbolExists.c:
/* */

int main(int argc, char** argv)
{
  (void)argv;
#ifndef __sparc
  return ((int*)(&__sparc))[argc];
#else
  (void)argc;
  return 0;
#endif
}
Determining if the __sparc__ exist failed with the following output:
Change Dir: /home/user/ee6470/riscv-vp/vp/build/systemc/CMakeFiles/CMakeTmp

Run Build Command(s):/usr/bin/gmake -f Makefile cmTC_4d7ff/fast && gmake[4]: Entering directory '/home/user/ee6470/riscv-vp/vp/build/systemc/CMakeFiles/CMakeTmp'
/usr/bin/gmake  -f CMakeFiles/cmTC_4d7ff.dir/build.make CMakeFiles/cmTC_4d7ff.dir/build
gmake[5]: Entering directory '/home/user/ee6470/riscv-vp/vp/build/systemc/CMakeFiles/CMakeTmp'
Building C object CMakeFiles/cmTC_4d7ff.dir/CheckSymbolExists.c.o
/usr/bin/cc    -o CMakeFiles/cmTC_4d7ff.dir/CheckSymbolExists.c.o -c /home/user/ee6470/riscv-vp/vp/build/systemc/CMakeFiles/CMakeTmp/CheckSymbolExists.c
/home/user/ee6470/riscv-vp/vp/build/systemc/CMakeFiles/CMakeTmp/CheckSymbolExists.c: In function 'main':
/home/user/ee6470/riscv-vp/vp/build/systemc/CMakeFiles/CMakeTmp/CheckSymbolExists.c:7:19: error: '__sparc__' undeclared (first use in this function)
    7 |   return ((int*)(&__sparc__))[argc];
      |                   ^~~~~~~~~
/home/user/ee6470/riscv-vp/vp/build/systemc/CMakeFiles/CMakeTmp/CheckSymbolExists.c:7:19: note: each undeclared identifier is reported only once for each function it appears in
gmake[5]: *** [CMakeFiles/cmTC_4d7ff.dir/build.make:78: CMakeFiles/cmTC_4d7ff.dir/CheckSymbolExists.c.o] Error 1
gmake[5]: Leaving directory '/home/user/ee6470/riscv-vp/vp/build/systemc/CMakeFiles/CMakeTmp'
gmake[4]: *** [Makefile:127: cmTC_4d7ff/fast] Error 2
gmake[4]: Leaving directory '/home/user/ee6470/riscv-vp/vp/build/systemc/CMakeFiles/CMakeTmp'


File /home/user/ee6470/riscv-vp/vp/build/systemc/CMakeFiles/CMakeTmp/CheckSymbolExists.c:
/* */

int main(int argc, char** argv)
{
  (void)argv;
#ifndef __sparc__
  return ((int*)(&__sparc__))[argc];
#else
  (void)argc;
  return 0;
#endif
}
Determining if the __hppa exist failed with the following output:
Change Dir: /home/user/ee6470/riscv-vp/vp/build/systemc/CMakeFiles/CMakeTmp

Run Build Command(s):/usr/bin/gmake -f Makefile cmTC_0e1af/fast && gmake[4]: Entering directory '/home/user/ee6470/riscv-vp/vp/build/systemc/CMakeFiles/CMakeTmp'
/usr/bin/gmake  -f CMakeFiles/cmTC_0e1af.dir/build.make CMakeFiles/cmTC_0e1af.dir/build
gmake[5]: Entering directory '/home/user/ee6470/riscv-vp/vp/build/systemc/CMakeFiles/CMakeTmp'
Building C object CMakeFiles/cmTC_0e1af.dir/CheckSymbolExists.c.o
/usr/bin/cc    -o CMakeFiles/cmTC_0e1af.dir/CheckSymbolExists.c.o -c /home/user/ee6470/riscv-vp/vp/build/systemc/CMakeFiles/CMakeTmp/CheckSymbolExists.c
/home/user/ee6470/riscv-vp/vp/build/systemc/CMakeFiles/CMakeTmp/CheckSymbolExists.c: In function 'main':
/home/user/ee6470/riscv-vp/vp/build/systemc/CMakeFiles/CMakeTmp/CheckSymbolExists.c:7:19: error: '__hppa' undeclared (first use in this function)
    7 |   return ((int*)(&__hppa))[argc];
      |                   ^~~~~~
/home/user/ee6470/riscv-vp/vp/build/systemc/CMakeFiles/CMakeTmp/CheckSymbolExists.c:7:19: note: each undeclared identifier is reported only once for each function it appears in
gmake[5]: *** [CMakeFiles/cmTC_0e1af.dir/build.make:78: CMakeFiles/cmTC_0e1af.dir/CheckSymbolExists.c.o] Error 1
gmake[5]: Leaving directory '/home/user/ee6470/riscv-vp/vp/build/systemc/CMakeFiles/CMakeTmp'
gmake[4]: *** [Makefile:127: cmTC_0e1af/fast] Error 2
gmake[4]: Leaving directory '/home/user/ee6470/riscv-vp/vp/build/systemc/CMakeFiles/CMakeTmp'


File /home/user/ee6470/riscv-vp/vp/build/systemc/CMakeFiles/CMakeTmp/CheckSymbolExists.c:
/* */

int main(int argc, char** argv)
{
  (void)argv;
#ifndef __hppa
  return ((int*)(&__hppa))[argc];
#else
  (void)argc;
  return 0;
#endif
}
Determining if the __i386 exist failed with the following output:
Change Dir: /home/user/ee6470/riscv-vp/vp/build/systemc/CMakeFiles/CMakeTmp

Run Build Command(s):/usr/bin/gmake -f Makefile cmTC_3e3ec/fast && gmake[4]: Entering directory '/home/user/ee6470/riscv-vp/vp/build/systemc/CMakeFiles/CMakeTmp'
/usr/bin/gmake  -f CMakeFiles/cmTC_3e3ec.dir/build.make CMakeFiles/cmTC_3e3ec.dir/build
gmake[5]: Entering directory '/home/user/ee6470/riscv-vp/vp/build/systemc/CMakeFiles/CMakeTmp'
Building C object CMakeFiles/cmTC_3e3ec.dir/CheckSymbolExists.c.o
/usr/bin/cc    -o CMakeFiles/cmTC_3e3ec.dir/CheckSymbolExists.c.o -c /home/user/ee6470/riscv-vp/vp/build/systemc/CMakeFiles/CMakeTmp/CheckSymbolExists.c
/home/user/ee6470/riscv-vp/vp/build/systemc/CMakeFiles/CMakeTmp/CheckSymbolExists.c: In function 'main':
/home/user/ee6470/riscv-vp/vp/build/systemc/CMakeFiles/CMakeTmp/CheckSymbolExists.c:7:19: error: '__i386' undeclared (first use in this function)
    7 |   return ((int*)(&__i386))[argc];
      |                   ^~~~~~
/home/user/ee6470/riscv-vp/vp/build/systemc/CMakeFiles/CMakeTmp/CheckSymbolExists.c:7:19: note: each undeclared identifier is reported only once for each function it appears in
gmake[5]: *** [CMakeFiles/cmTC_3e3ec.dir/build.make:78: CMakeFiles/cmTC_3e3ec.dir/CheckSymbolExists.c.o] Error 1
gmake[5]: Leaving directory '/home/user/ee6470/riscv-vp/vp/build/systemc/CMakeFiles/CMakeTmp'
gmake[4]: *** [Makefile:127: cmTC_3e3ec/fast] Error 2
gmake[4]: Leaving directory '/home/user/ee6470/riscv-vp/vp/build/systemc/CMakeFiles/CMakeTmp'


File /home/user/ee6470/riscv-vp/vp/build/systemc/CMakeFiles/CMakeTmp/CheckSymbolExists.c:
/* */

int main(int argc, char** argv)
{
  (void)argv;
#ifndef __i386
  return ((int*)(&__i386))[argc];
#else
  (void)argc;
  return 0;
#endif
}
Determining if the __aarch64__ exist failed with the following output:
Change Dir: /home/user/ee6470/riscv-vp/vp/build/systemc/CMakeFiles/CMakeTmp

Run Build Command(s):/usr/bin/gmake -f Makefile cmTC_e9ba6/fast && gmake[4]: Entering directory '/home/user/ee6470/riscv-vp/vp/build/systemc/CMakeFiles/CMakeTmp'
/usr/bin/gmake  -f CMakeFiles/cmTC_e9ba6.dir/build.make CMakeFiles/cmTC_e9ba6.dir/build
gmake[5]: Entering directory '/home/user/ee6470/riscv-vp/vp/build/systemc/CMakeFiles/CMakeTmp'
Building C object CMakeFiles/cmTC_e9ba6.dir/CheckSymbolExists.c.o
/usr/bin/cc    -o CMakeFiles/cmTC_e9ba6.dir/CheckSymbolExists.c.o -c /home/user/ee6470/riscv-vp/vp/build/systemc/CMakeFiles/CMakeTmp/CheckSymbolExists.c
/home/user/ee6470/riscv-vp/vp/build/systemc/CMakeFiles/CMakeTmp/CheckSymbolExists.c: In function 'main':
/home/user/ee6470/riscv-vp/vp/build/systemc/CMakeFiles/CMakeTmp/CheckSymbolExists.c:7:19: error: '__aarch64__' undeclared (first use in this function)
    7 |   return ((int*)(&__aarch64__))[argc];
      |                   ^~~~~~~~~~~
/home/user/ee6470/riscv-vp/vp/build/systemc/CMakeFiles/CMakeTmp/CheckSymbolExists.c:7:19: note: each undeclared identifier is reported only once for each function it appears in
gmake[5]: *** [CMakeFiles/cmTC_e9ba6.dir/build.make:78: CMakeFiles/cmTC_e9ba6.dir/CheckSymbolExists.c.o] Error 1
gmake[5]: Leaving directory '/home/user/ee6470/riscv-vp/vp/build/systemc/CMakeFiles/CMakeTmp'
gmake[4]: *** [Makefile:127: cmTC_e9ba6/fast] Error 2
gmake[4]: Leaving directory '/home/user/ee6470/riscv-vp/vp/build/systemc/CMakeFiles/CMakeTmp'


File /home/user/ee6470/riscv-vp/vp/build/systemc/CMakeFiles/CMakeTmp/CheckSymbolExists.c:
/* */

int main(int argc, char** argv)
{
  (void)argv;
#ifndef __aarch64__
  return ((int*)(&__aarch64__))[argc];
#else
  (void)argc;
  return 0;
#endif
}
Determining if the __ppc__ exist failed with the following output:
Change Dir: /home/user/ee6470/riscv-vp/vp/build/systemc/CMakeFiles/CMakeTmp

Run Build Command(s):/usr/bin/gmake -f Makefile cmTC_08c7f/fast && gmake[4]: Entering directory '/home/user/ee6470/riscv-vp/vp/build/systemc/CMakeFiles/CMakeTmp'
/usr/bin/gmake  -f CMakeFiles/cmTC_08c7f.dir/build.make CMakeFiles/cmTC_08c7f.dir/build
gmake[5]: Entering directory '/home/user/ee6470/riscv-vp/vp/build/systemc/CMakeFiles/CMakeTmp'
Building C object CMakeFiles/cmTC_08c7f.dir/CheckSymbolExists.c.o
/usr/bin/cc    -o CMakeFiles/cmTC_08c7f.dir/CheckSymbolExists.c.o -c /home/user/ee6470/riscv-vp/vp/build/systemc/CMakeFiles/CMakeTmp/CheckSymbolExists.c
/home/user/ee6470/riscv-vp/vp/build/systemc/CMakeFiles/CMakeTmp/CheckSymbolExists.c: In function 'main':
/home/user/ee6470/riscv-vp/vp/build/systemc/CMakeFiles/CMakeTmp/CheckSymbolExists.c:7:19: error: '__ppc__' undeclared (first use in this function)
    7 |   return ((int*)(&__ppc__))[argc];
      |                   ^~~~~~~
/home/user/ee6470/riscv-vp/vp/build/systemc/CMakeFiles/CMakeTmp/CheckSymbolExists.c:7:19: note: each undeclared identifier is reported only once for each function it appears in
gmake[5]: *** [CMakeFiles/cmTC_08c7f.dir/build.make:78: CMakeFiles/cmTC_08c7f.dir/CheckSymbolExists.c.o] Error 1
gmake[5]: Leaving directory '/home/user/ee6470/riscv-vp/vp/build/systemc/CMakeFiles/CMakeTmp'
gmake[4]: *** [Makefile:127: cmTC_08c7f/fast] Error 2
gmake[4]: Leaving directory '/home/user/ee6470/riscv-vp/vp/build/systemc/CMakeFiles/CMakeTmp'


File /home/user/ee6470/riscv-vp/vp/build/systemc/CMakeFiles/CMakeTmp/CheckSymbolExists.c:
/* */

int main(int argc, char** argv)
{
  (void)argv;
#ifndef __ppc__
  return ((int*)(&__ppc__))[argc];
#else
  (void)argc;
  return 0;
#endif
}
Determining if the __powerpc exist failed with the following output:
Change Dir: /home/user/ee6470/riscv-vp/vp/build/systemc/CMakeFiles/CMakeTmp

Run Build Command(s):/usr/bin/gmake -f Makefile cmTC_a8197/fast && gmake[4]: Entering directory '/home/user/ee6470/riscv-vp/vp/build/systemc/CMakeFiles/CMakeTmp'
/usr/bin/gmake  -f CMakeFiles/cmTC_a8197.dir/build.make CMakeFiles/cmTC_a8197.dir/build
gmake[5]: Entering directory '/home/user/ee6470/riscv-vp/vp/build/systemc/CMakeFiles/CMakeTmp'
Building C object CMakeFiles/cmTC_a8197.dir/CheckSymbolExists.c.o
/usr/bin/cc    -o CMakeFiles/cmTC_a8197.dir/CheckSymbolExists.c.o -c /home/user/ee6470/riscv-vp/vp/build/systemc/CMakeFiles/CMakeTmp/CheckSymbolExists.c
/home/user/ee6470/riscv-vp/vp/build/systemc/CMakeFiles/CMakeTmp/CheckSymbolExists.c: In function 'main':
/home/user/ee6470/riscv-vp/vp/build/systemc/CMakeFiles/CMakeTmp/CheckSymbolExists.c:7:19: error: '__powerpc' undeclared (first use in this function)
    7 |   return ((int*)(&__powerpc))[argc];
      |                   ^~~~~~~~~
/home/user/ee6470/riscv-vp/vp/build/systemc/CMakeFiles/CMakeTmp/CheckSymbolExists.c:7:19: note: each undeclared identifier is reported only once for each function it appears in
gmake[5]: *** [CMakeFiles/cmTC_a8197.dir/build.make:78: CMakeFiles/cmTC_a8197.dir/CheckSymbolExists.c.o] Error 1
gmake[5]: Leaving directory '/home/user/ee6470/riscv-vp/vp/build/systemc/CMakeFiles/CMakeTmp'
gmake[4]: *** [Makefile:127: cmTC_a8197/fast] Error 2
gmake[4]: Leaving directory '/home/user/ee6470/riscv-vp/vp/build/systemc/CMakeFiles/CMakeTmp'


File /home/user/ee6470/riscv-vp/vp/build/systemc/CMakeFiles/CMakeTmp/CheckSymbolExists.c:
/* */

int main(int argc, char** argv)
{
  (void)argv;
#ifndef __powerpc
  return ((int*)(&__powerpc))[argc];
#else
  (void)argc;
  return 0;
#endif
}
